2026-02-05 09:57:04 | Args: acdc_root=/mnt/d/ACDC conditions=['fog', 'night', 'rain', 'snow'] resize=1072 crop_size=1072 segformer_model=nvidia/segformer-b5-finetuned-cityscapes-1024-1024 dino_model=facebook/dinov3-vitl16-pretrain-lvd1689m num_classes=19 adapter_hidden_ratio=1.0 adapter_scale=1.0 epochs=3 batch_size=2 workers=4 lr=5e-05 lr_proj=None proj_warmup_steps=100 weight_decay=0.01 max_grad_norm=1.0 amp=True seed=1 grad_accum_steps=4 affinity_k=7 affinity_tau=0.1 lambda_aff=1.0 affinity_anchors=512 wandb=False wandb_project=SELO wandb_entity= wandb_group= wandb_run_name= output_dir=/home/kevinlee01/SELO/runs/E1 log_every=50
2026-02-05 09:57:07 | Using batch_size=2, grad_accum_steps=4, effective_batch=8
2026-02-05 09:57:07 | [phase] warmup_proj | lr_adapter=0.0 lr_proj=5e-05 | trainable=stage1_proj.weight, stage1_proj.bias
2026-02-05 09:57:07 | [sched] warmup_steps=100 (effective=100) 이후 proj 고정 + adapter 학습
2026-02-05 09:57:10 | Stage1 shape: (2, 64, 268, 268)
2026-02-05 09:57:10 | Alignment: input=1072x1072, stage1=torch.Size([268, 268]) pooled=torch.Size([67, 67]), dino=67x67
2026-02-05 09:57:10 | STEP 0 0 LOSS 0.460750
2026-02-05 09:57:10 | DBG 0 0 base_rms=0.487700 delta_rms=0.000000 delta/base=0.000000 g_adapter=0.000000 g_proj=0.529820 adapter_scale=1.000000 lr_adapter=0.0 lr_proj=5e-05
2026-02-05 09:57:10 | AFF 0 0 tau=0.1 anchors=512 k2=49 p_t_max=0.0729 p_t_ent=3.5689 p_s_max=0.1955 p_s_ent=3.1738
2026-02-05 09:57:28 | STEP 0 50 LOSS 0.293302
2026-02-05 09:57:28 | DBG 0 50 base_rms=0.547251 delta_rms=0.000000 delta/base=0.000000 g_adapter=0.000000 g_proj=0.892766 adapter_scale=1.000000 lr_adapter=0.0 lr_proj=5e-05
2026-02-05 09:57:28 | AFF 0 50 tau=0.1 anchors=512 k2=49 p_t_max=0.0755 p_t_ent=3.5688 p_s_max=0.1394 p_s_ent=3.3688
2026-02-05 09:57:42 | [phase] train_adapter | lr_adapter=5e-05 lr_proj=0.0 | trainable=stage1_adapter.scale, stage1_adapter.conv1.weight, stage1_adapter.conv1.bias, stage1_adapter.conv2.weight, stage1_adapter.conv2.bias
2026-02-05 09:57:44 | STEP 0 100 LOSS 0.147107
2026-02-05 09:57:44 | DBG 0 100 base_rms=0.513645 delta_rms=0.000000 delta/base=0.000000 g_adapter=0.032223 g_proj=0.000000 adapter_scale=1.000000 lr_adapter=5e-05 lr_proj=0.0
2026-02-05 09:57:44 | AFF 0 100 tau=0.1 anchors=512 k2=49 p_t_max=0.0579 p_t_ent=3.6742 p_s_max=0.0787 p_s_ent=3.6490
2026-02-05 09:58:01 | STEP 0 150 LOSS 0.278852
2026-02-05 09:58:01 | DBG 0 150 base_rms=0.508736 delta_rms=0.002875 delta/base=0.005651 g_adapter=0.125826 g_proj=0.000000 adapter_scale=1.000504 lr_adapter=5e-05 lr_proj=0.0
2026-02-05 09:58:01 | AFF 0 150 tau=0.1 anchors=512 k2=49 p_t_max=0.0792 p_t_ent=3.5454 p_s_max=0.1237 p_s_ent=3.4218
2026-02-05 09:58:16 | STEP 0 200 LOSS 0.126933
2026-02-05 09:58:16 | DBG 0 200 base_rms=0.473964 delta_rms=0.006010 delta/base=0.012681 g_adapter=0.019330 g_proj=0.000000 adapter_scale=1.001227 lr_adapter=5e-05 lr_proj=0.0
2026-02-05 09:58:16 | AFF 0 200 tau=0.1 anchors=512 k2=49 p_t_max=0.0642 p_t_ent=3.6287 p_s_max=0.0709 p_s_ent=3.6586
2026-02-05 09:58:34 | STEP 0 250 LOSS 0.204428
2026-02-05 09:58:34 | DBG 0 250 base_rms=0.549848 delta_rms=0.009706 delta/base=0.017653 g_adapter=0.157282 g_proj=0.000000 adapter_scale=1.001969 lr_adapter=5e-05 lr_proj=0.0
2026-02-05 09:58:34 | AFF 0 250 tau=0.1 anchors=512 k2=49 p_t_max=0.0718 p_t_ent=3.6034 p_s_max=0.1097 p_s_ent=3.5238
2026-02-05 09:58:48 | STEP 0 300 LOSS 0.221723
2026-02-05 09:58:48 | DBG 0 300 base_rms=0.478402 delta_rms=0.012832 delta/base=0.026823 g_adapter=0.059275 g_proj=0.000000 adapter_scale=1.002830 lr_adapter=5e-05 lr_proj=0.0
2026-02-05 09:58:48 | AFF 0 300 tau=0.1 anchors=512 k2=49 p_t_max=0.0709 p_t_ent=3.5861 p_s_max=0.0958 p_s_ent=3.5207
2026-02-05 09:59:03 | STEP 0 350 LOSS 0.168915
2026-02-05 09:59:03 | DBG 0 350 base_rms=0.546780 delta_rms=0.017838 delta/base=0.032624 g_adapter=0.142286 g_proj=0.000000 adapter_scale=1.003671 lr_adapter=5e-05 lr_proj=0.0
2026-02-05 09:59:03 | AFF 0 350 tau=0.1 anchors=512 k2=49 p_t_max=0.0707 p_t_ent=3.5934 p_s_max=0.0884 p_s_ent=3.5824
2026-02-05 09:59:21 | STEP 0 400 LOSS 0.135903
2026-02-05 09:59:21 | DBG 0 400 base_rms=0.430267 delta_rms=0.019141 delta/base=0.044486 g_adapter=0.024861 g_proj=0.000000 adapter_scale=1.004609 lr_adapter=5e-05 lr_proj=0.0
2026-02-05 09:59:21 | AFF 0 400 tau=0.1 anchors=512 k2=49 p_t_max=0.0540 p_t_ent=3.6818 p_s_max=0.0654 p_s_ent=3.6906
2026-02-05 09:59:35 | STEP 0 450 LOSS 0.150401
2026-02-05 09:59:35 | DBG 0 450 base_rms=0.470063 delta_rms=0.024930 delta/base=0.053035 g_adapter=0.086088 g_proj=0.000000 adapter_scale=1.005467 lr_adapter=5e-05 lr_proj=0.0
2026-02-05 09:59:35 | AFF 0 450 tau=0.1 anchors=512 k2=49 p_t_max=0.0722 p_t_ent=3.5785 p_s_max=0.0746 p_s_ent=3.6423
2026-02-05 09:59:53 | STEP 0 500 LOSS 0.230381
2026-02-05 09:59:53 | DBG 0 500 base_rms=0.464931 delta_rms=0.028362 delta/base=0.061002 g_adapter=0.057964 g_proj=0.000000 adapter_scale=1.006410 lr_adapter=5e-05 lr_proj=0.0
2026-02-05 09:59:53 | AFF 0 500 tau=0.1 anchors=512 k2=49 p_t_max=0.0642 p_t_ent=3.6243 p_s_max=0.0861 p_s_ent=3.5635
2026-02-05 10:00:08 | STEP 0 550 LOSS 0.216924
2026-02-05 10:00:08 | DBG 0 550 base_rms=0.453415 delta_rms=0.031533 delta/base=0.069546 g_adapter=0.106223 g_proj=0.000000 adapter_scale=1.007274 lr_adapter=5e-05 lr_proj=0.0
2026-02-05 10:00:08 | AFF 0 550 tau=0.1 anchors=512 k2=49 p_t_max=0.0683 p_t_ent=3.6144 p_s_max=0.0924 p_s_ent=3.5897
2026-02-05 10:00:26 | STEP 0 600 LOSS 0.202887
2026-02-05 10:00:26 | DBG 0 600 base_rms=0.434695 delta_rms=0.035828 delta/base=0.082422 g_adapter=0.030468 g_proj=0.000000 adapter_scale=1.008226 lr_adapter=5e-05 lr_proj=0.0
2026-02-05 10:00:26 | AFF 0 600 tau=0.1 anchors=512 k2=49 p_t_max=0.0672 p_t_ent=3.6213 p_s_max=0.0778 p_s_ent=3.6696
2026-02-05 10:00:41 | STEP 0 650 LOSS 0.177780
2026-02-05 10:00:41 | DBG 0 650 base_rms=0.491311 delta_rms=0.045431 delta/base=0.092468 g_adapter=0.137242 g_proj=0.000000 adapter_scale=1.009118 lr_adapter=5e-05 lr_proj=0.0
2026-02-05 10:00:41 | AFF 0 650 tau=0.1 anchors=512 k2=49 p_t_max=0.0777 p_t_ent=3.5625 p_s_max=0.0801 p_s_ent=3.6221
2026-02-05 10:00:58 | STEP 0 700 LOSS 0.120547
2026-02-05 10:00:58 | DBG 0 700 base_rms=0.466983 delta_rms=0.050323 delta/base=0.107762 g_adapter=0.007377 g_proj=0.000000 adapter_scale=1.010029 lr_adapter=5e-05 lr_proj=0.0
2026-02-05 10:00:58 | AFF 0 700 tau=0.1 anchors=512 k2=49 p_t_max=0.0598 p_t_ent=3.6518 p_s_max=0.0546 p_s_ent=3.7446
2026-02-05 10:01:13 | STEP 0 750 LOSS 0.172036
2026-02-05 10:01:13 | DBG 0 750 base_rms=0.423708 delta_rms=0.044861 delta/base=0.105876 g_adapter=0.077361 g_proj=0.000000 adapter_scale=1.010825 lr_adapter=5e-05 lr_proj=0.0
2026-02-05 10:01:13 | AFF 0 750 tau=0.1 anchors=512 k2=49 p_t_max=0.0649 p_t_ent=3.6309 p_s_max=0.0651 p_s_ent=3.7214
2026-02-05 10:01:31 | STEP 1 0 LOSS 0.186841
2026-02-05 10:01:31 | DBG 1 0 base_rms=0.526601 delta_rms=0.064736 delta/base=0.122931 g_adapter=0.022959 g_proj=0.000000 adapter_scale=1.011663 lr_adapter=5e-05 lr_proj=0.0
2026-02-05 10:01:31 | AFF 1 0 tau=0.1 anchors=512 k2=49 p_t_max=0.0729 p_t_ent=3.5655 p_s_max=0.0732 p_s_ent=3.6286
2026-02-05 10:01:46 | STEP 1 50 LOSS 0.182171
2026-02-05 10:01:46 | DBG 1 50 base_rms=0.435162 delta_rms=0.059766 delta/base=0.137342 g_adapter=0.055346 g_proj=0.000000 adapter_scale=1.012364 lr_adapter=5e-05 lr_proj=0.0
2026-02-05 10:01:46 | AFF 1 50 tau=0.1 anchors=512 k2=49 p_t_max=0.0727 p_t_ent=3.5868 p_s_max=0.0653 p_s_ent=3.6955
2026-02-05 10:02:00 | STEP 1 100 LOSS 0.152200
2026-02-05 10:02:00 | DBG 1 100 base_rms=0.519499 delta_rms=0.072921 delta/base=0.140368 g_adapter=0.017980 g_proj=0.000000 adapter_scale=1.013127 lr_adapter=5e-05 lr_proj=0.0
2026-02-05 10:02:00 | AFF 1 100 tau=0.1 anchors=512 k2=49 p_t_max=0.0728 p_t_ent=3.5847 p_s_max=0.0662 p_s_ent=3.6690
2026-02-05 10:02:18 | STEP 1 150 LOSS 0.180575
2026-02-05 10:02:18 | DBG 1 150 base_rms=0.555097 delta_rms=0.080577 delta/base=0.145158 g_adapter=0.049663 g_proj=0.000000 adapter_scale=1.013914 lr_adapter=5e-05 lr_proj=0.0
2026-02-05 10:02:18 | AFF 1 150 tau=0.1 anchors=512 k2=49 p_t_max=0.0759 p_t_ent=3.5676 p_s_max=0.0737 p_s_ent=3.6677
2026-02-05 10:02:33 | STEP 1 200 LOSS 0.154667
2026-02-05 10:02:33 | DBG 1 200 base_rms=0.443956 delta_rms=0.069348 delta/base=0.156205 g_adapter=0.013011 g_proj=0.000000 adapter_scale=1.014654 lr_adapter=5e-05 lr_proj=0.0
2026-02-05 10:02:33 | AFF 1 200 tau=0.1 anchors=512 k2=49 p_t_max=0.0650 p_t_ent=3.6502 p_s_max=0.0602 p_s_ent=3.7490
2026-02-05 10:02:50 | STEP 1 250 LOSS 0.159706
2026-02-05 10:02:50 | DBG 1 250 base_rms=0.521758 delta_rms=0.084610 delta/base=0.162164 g_adapter=0.043333 g_proj=0.000000 adapter_scale=1.015232 lr_adapter=5e-05 lr_proj=0.0
2026-02-05 10:02:50 | AFF 1 250 tau=0.1 anchors=512 k2=49 p_t_max=0.0674 p_t_ent=3.6240 p_s_max=0.0730 p_s_ent=3.6896
2026-02-05 10:03:05 | STEP 1 300 LOSS 0.120663
2026-02-05 10:03:05 | DBG 1 300 base_rms=0.451132 delta_rms=0.085243 delta/base=0.188954 g_adapter=0.008725 g_proj=0.000000 adapter_scale=1.015879 lr_adapter=5e-05 lr_proj=0.0
2026-02-05 10:03:05 | AFF 1 300 tau=0.1 anchors=512 k2=49 p_t_max=0.0632 p_t_ent=3.6436 p_s_max=0.0526 p_s_ent=3.7419
2026-02-05 10:03:22 | STEP 1 350 LOSS 0.158044
2026-02-05 10:03:22 | DBG 1 350 base_rms=0.470930 delta_rms=0.085270 delta/base=0.181068 g_adapter=0.024414 g_proj=0.000000 adapter_scale=1.016448 lr_adapter=5e-05 lr_proj=0.0
2026-02-05 10:03:22 | AFF 1 350 tau=0.1 anchors=512 k2=49 p_t_max=0.0669 p_t_ent=3.6282 p_s_max=0.0585 p_s_ent=3.7458
2026-02-05 10:03:37 | STEP 1 400 LOSS 0.154585
2026-02-05 10:03:37 | DBG 1 400 base_rms=0.429834 delta_rms=0.077332 delta/base=0.179911 g_adapter=0.010693 g_proj=0.000000 adapter_scale=1.017042 lr_adapter=5e-05 lr_proj=0.0
2026-02-05 10:03:37 | AFF 1 400 tau=0.1 anchors=512 k2=49 p_t_max=0.0619 p_t_ent=3.6396 p_s_max=0.0571 p_s_ent=3.7436
2026-02-05 10:03:55 | STEP 1 450 LOSS 0.151115
2026-02-05 10:03:55 | DBG 1 450 base_rms=0.467258 delta_rms=0.092056 delta/base=0.197013 g_adapter=0.018195 g_proj=0.000000 adapter_scale=1.017546 lr_adapter=5e-05 lr_proj=0.0
2026-02-05 10:03:55 | AFF 1 450 tau=0.1 anchors=512 k2=49 p_t_max=0.0717 p_t_ent=3.5851 p_s_max=0.0579 p_s_ent=3.7311
2026-02-05 10:04:09 | STEP 1 500 LOSS 0.138427
2026-02-05 10:04:09 | DBG 1 500 base_rms=0.453387 delta_rms=0.092608 delta/base=0.204257 g_adapter=0.014485 g_proj=0.000000 adapter_scale=1.018033 lr_adapter=5e-05 lr_proj=0.0
2026-02-05 10:04:09 | AFF 1 500 tau=0.1 anchors=512 k2=49 p_t_max=0.0626 p_t_ent=3.6542 p_s_max=0.0571 p_s_ent=3.7414
2026-02-05 10:04:27 | STEP 1 550 LOSS 0.153553
2026-02-05 10:04:27 | DBG 1 550 base_rms=0.411236 delta_rms=0.082378 delta/base=0.200317 g_adapter=0.035168 g_proj=0.000000 adapter_scale=1.018442 lr_adapter=5e-05 lr_proj=0.0
2026-02-05 10:04:27 | AFF 1 550 tau=0.1 anchors=512 k2=49 p_t_max=0.0589 p_t_ent=3.6590 p_s_max=0.0558 p_s_ent=3.7586
2026-02-05 10:04:42 | STEP 1 600 LOSS 0.165980
2026-02-05 10:04:42 | DBG 1 600 base_rms=0.556930 delta_rms=0.110881 delta/base=0.199093 g_adapter=0.013883 g_proj=0.000000 adapter_scale=1.018863 lr_adapter=5e-05 lr_proj=0.0
2026-02-05 10:04:42 | AFF 1 600 tau=0.1 anchors=512 k2=49 p_t_max=0.0757 p_t_ent=3.5657 p_s_max=0.0651 p_s_ent=3.6869
2026-02-05 10:13:15 | Args: acdc_root=/mnt/d/ACDC conditions=['fog', 'night', 'rain', 'snow'] resize=1072 crop_size=1072 segformer_model=nvidia/segformer-b5-finetuned-cityscapes-1024-1024 dino_model=facebook/dinov3-vitl16-pretrain-lvd1689m num_classes=19 adapter_hidden_ratio=1.0 adapter_scale=1.0 epochs=3 batch_size=2 workers=4 lr=5e-05 lr_proj=None proj_warmup_steps=100 weight_decay=0.01 max_grad_norm=1.0 amp=True seed=1 grad_accum_steps=4 affinity_k=7 affinity_tau=0.1 lambda_aff=1.0 affinity_anchors=512 affinity_candidates=4096 wandb=False wandb_project=SELO wandb_entity= wandb_group= wandb_run_name= output_dir=/home/kevinlee01/SELO/runs/E1 log_every=50
2026-02-05 10:13:17 | Using batch_size=2, grad_accum_steps=4, effective_batch=8
2026-02-05 10:13:17 | [phase] warmup_proj | lr_adapter=0.0 lr_proj=5e-05 | trainable=stage1_proj.weight, stage1_proj.bias
2026-02-05 10:13:17 | [sched] warmup_steps=100 (effective=100) 이후 proj 고정 + adapter 학습
2026-02-05 10:13:20 | Stage1 shape: (2, 64, 268, 268)
2026-02-05 10:13:20 | Alignment: input=1072x1072, stage1=torch.Size([268, 268]) pooled=torch.Size([67, 67]), dino=67x67
2026-02-05 10:13:20 | STEP 0 0 LOSS 0.830431
2026-02-05 10:13:20 | DBG 0 0 base_rms=0.487700 delta_rms=0.000000 delta/base=0.000000 g_adapter=0.000000 g_proj=0.883839 adapter_scale=1.000000 lr_adapter=0.0 lr_proj=5e-05
2026-02-05 10:13:20 | AFF 0 0 tau=0.1 candidates=3721 anchors=512 k2=49 p_t_max=0.1468 p_t_ent=3.1579 p_s_max=0.3846 p_s_ent=2.4437
2026-02-05 10:13:37 | STEP 0 50 LOSS 0.468930
2026-02-05 10:13:37 | DBG 0 50 base_rms=0.547251 delta_rms=0.000000 delta/base=0.000000 g_adapter=0.000000 g_proj=1.224688 adapter_scale=1.000000 lr_adapter=0.0 lr_proj=5e-05
2026-02-05 10:13:37 | AFF 0 50 tau=0.1 candidates=3721 anchors=512 k2=49 p_t_max=0.1396 p_t_ent=3.1908 p_s_max=0.2424 p_s_ent=2.9763
2026-02-05 10:13:57 | [phase] train_adapter | lr_adapter=5e-05 lr_proj=0.0 | trainable=stage1_adapter.scale, stage1_adapter.conv1.weight, stage1_adapter.conv1.bias, stage1_adapter.conv2.weight, stage1_adapter.conv2.bias
2026-02-05 10:13:59 | STEP 0 100 LOSS 0.298434
2026-02-05 10:13:59 | DBG 0 100 base_rms=0.513646 delta_rms=0.000000 delta/base=0.000000 g_adapter=0.049862 g_proj=0.000000 adapter_scale=1.000000 lr_adapter=5e-05 lr_proj=0.0
2026-02-05 10:13:59 | AFF 0 100 tau=0.1 candidates=3721 anchors=512 k2=49 p_t_max=0.1134 p_t_ent=3.3344 p_s_max=0.1432 p_s_ent=3.3586
2026-02-05 10:14:16 | STEP 0 150 LOSS 0.471652
2026-02-05 10:14:16 | DBG 0 150 base_rms=0.508736 delta_rms=0.002766 delta/base=0.005437 g_adapter=0.188062 g_proj=0.000000 adapter_scale=1.000503 lr_adapter=5e-05 lr_proj=0.0
2026-02-05 10:14:16 | AFF 0 150 tau=0.1 candidates=3721 anchors=512 k2=49 p_t_max=0.1623 p_t_ent=3.0954 p_s_max=0.2330 p_s_ent=2.9912
2026-02-05 10:14:36 | STEP 0 200 LOSS 0.254681
2026-02-05 10:14:36 | DBG 0 200 base_rms=0.473964 delta_rms=0.005657 delta/base=0.011934 g_adapter=0.009652 g_proj=0.000000 adapter_scale=1.001220 lr_adapter=5e-05 lr_proj=0.0
2026-02-05 10:14:36 | AFF 0 200 tau=0.1 candidates=3721 anchors=512 k2=49 p_t_max=0.1348 p_t_ent=3.1822 p_s_max=0.1229 p_s_ent=3.4240
2026-02-05 10:14:53 | STEP 0 250 LOSS 0.346605
2026-02-05 10:14:53 | DBG 0 250 base_rms=0.549848 delta_rms=0.009327 delta/base=0.016964 g_adapter=0.202243 g_proj=0.000000 adapter_scale=1.001960 lr_adapter=5e-05 lr_proj=0.0
2026-02-05 10:14:53 | AFF 0 250 tau=0.1 candidates=3721 anchors=512 k2=49 p_t_max=0.1447 p_t_ent=3.2261 p_s_max=0.1853 p_s_ent=3.2269
2026-02-05 10:15:14 | STEP 0 300 LOSS 0.390868
2026-02-05 10:15:14 | DBG 0 300 base_rms=0.478402 delta_rms=0.011985 delta/base=0.025053 g_adapter=0.071590 g_proj=0.000000 adapter_scale=1.002799 lr_adapter=5e-05 lr_proj=0.0
2026-02-05 10:15:14 | AFF 0 300 tau=0.1 candidates=3721 anchors=512 k2=49 p_t_max=0.1305 p_t_ent=3.2280 p_s_max=0.1653 p_s_ent=3.2395
2026-02-05 10:15:33 | STEP 0 350 LOSS 0.366621
2026-02-05 10:15:33 | DBG 0 350 base_rms=0.546780 delta_rms=0.016560 delta/base=0.030286 g_adapter=0.158486 g_proj=0.000000 adapter_scale=1.003613 lr_adapter=5e-05 lr_proj=0.0
2026-02-05 10:15:33 | AFF 0 350 tau=0.1 candidates=3721 anchors=512 k2=49 p_t_max=0.1541 p_t_ent=3.1212 p_s_max=0.1787 p_s_ent=3.2204
2026-02-05 10:15:50 | STEP 0 400 LOSS 0.232443
2026-02-05 10:15:50 | DBG 0 400 base_rms=0.430267 delta_rms=0.017054 delta/base=0.039635 g_adapter=0.040980 g_proj=0.000000 adapter_scale=1.004506 lr_adapter=5e-05 lr_proj=0.0
2026-02-05 10:15:50 | AFF 0 400 tau=0.1 candidates=3721 anchors=512 k2=49 p_t_max=0.0932 p_t_ent=3.3929 p_s_max=0.1164 p_s_ent=3.4163
2026-02-05 10:16:10 | STEP 0 450 LOSS 0.282585
2026-02-05 10:16:10 | DBG 0 450 base_rms=0.470063 delta_rms=0.022528 delta/base=0.047925 g_adapter=0.173471 g_proj=0.000000 adapter_scale=1.005368 lr_adapter=5e-05 lr_proj=0.0
2026-02-05 10:16:10 | AFF 0 450 tau=0.1 candidates=3721 anchors=512 k2=49 p_t_max=0.1409 p_t_ent=3.1498 p_s_max=0.1320 p_s_ent=3.3887
2026-02-05 10:16:28 | STEP 0 500 LOSS 0.388024
2026-02-05 10:16:28 | DBG 0 500 base_rms=0.464931 delta_rms=0.025506 delta/base=0.054860 g_adapter=0.063886 g_proj=0.000000 adapter_scale=1.006284 lr_adapter=5e-05 lr_proj=0.0
2026-02-05 10:16:28 | AFF 0 500 tau=0.1 candidates=3721 anchors=512 k2=49 p_t_max=0.1455 p_t_ent=3.1673 p_s_max=0.1814 p_s_ent=3.2187
2026-02-05 10:16:48 | STEP 0 550 LOSS 0.415936
2026-02-05 10:16:48 | DBG 0 550 base_rms=0.453416 delta_rms=0.027927 delta/base=0.061592 g_adapter=0.177087 g_proj=0.000000 adapter_scale=1.007077 lr_adapter=5e-05 lr_proj=0.0
2026-02-05 10:16:48 | AFF 0 550 tau=0.1 candidates=3721 anchors=512 k2=49 p_t_max=0.1268 p_t_ent=3.2650 p_s_max=0.1857 p_s_ent=3.2036
2026-02-05 10:17:05 | STEP 0 600 LOSS 0.403706
2026-02-05 10:17:05 | DBG 0 600 base_rms=0.434696 delta_rms=0.030451 delta/base=0.070050 g_adapter=0.074818 g_proj=0.000000 adapter_scale=1.007940 lr_adapter=5e-05 lr_proj=0.0
2026-02-05 10:17:05 | AFF 0 600 tau=0.1 candidates=3721 anchors=512 k2=49 p_t_max=0.1383 p_t_ent=3.2229 p_s_max=0.1818 p_s_ent=3.2532
2026-02-05 10:17:24 | STEP 0 650 LOSS 0.380892
2026-02-05 10:17:24 | DBG 0 650 base_rms=0.491311 delta_rms=0.038496 delta/base=0.078355 g_adapter=0.144222 g_proj=0.000000 adapter_scale=1.008770 lr_adapter=5e-05 lr_proj=0.0
2026-02-05 10:17:24 | AFF 0 650 tau=0.1 candidates=3721 anchors=512 k2=49 p_t_max=0.1646 p_t_ent=3.0725 p_s_max=0.1592 p_s_ent=3.3120
2026-02-05 10:17:41 | STEP 0 700 LOSS 0.249481
2026-02-05 10:17:41 | DBG 0 700 base_rms=0.466983 delta_rms=0.040832 delta/base=0.087437 g_adapter=0.017109 g_proj=0.000000 adapter_scale=1.009625 lr_adapter=5e-05 lr_proj=0.0
2026-02-05 10:17:41 | AFF 0 700 tau=0.1 candidates=3721 anchors=512 k2=49 p_t_max=0.1186 p_t_ent=3.2862 p_s_max=0.0970 p_s_ent=3.5743
2026-02-05 10:18:02 | STEP 0 750 LOSS 0.317112
2026-02-05 10:18:02 | DBG 0 750 base_rms=0.423708 delta_rms=0.036999 delta/base=0.087323 g_adapter=0.078459 g_proj=0.000000 adapter_scale=1.010323 lr_adapter=5e-05 lr_proj=0.0
2026-02-05 10:18:02 | AFF 0 750 tau=0.1 candidates=3721 anchors=512 k2=49 p_t_max=0.1209 p_t_ent=3.2795 p_s_max=0.1254 p_s_ent=3.4786
2026-02-05 10:18:19 | STEP 1 0 LOSS 0.272283
2026-02-05 10:18:19 | DBG 1 0 base_rms=0.526600 delta_rms=0.051109 delta/base=0.097055 g_adapter=0.016494 g_proj=0.000000 adapter_scale=1.011062 lr_adapter=5e-05 lr_proj=0.0
2026-02-05 10:18:19 | AFF 1 0 tau=0.1 candidates=3721 anchors=512 k2=49 p_t_max=0.1309 p_t_ent=3.2021 p_s_max=0.1145 p_s_ent=3.4443
2026-02-05 10:18:39 | STEP 1 50 LOSS 0.327997
2026-02-05 10:18:39 | DBG 1 50 base_rms=0.435161 delta_rms=0.045560 delta/base=0.104696 g_adapter=0.041067 g_proj=0.000000 adapter_scale=1.011652 lr_adapter=5e-05 lr_proj=0.0
2026-02-05 10:18:39 | AFF 1 50 tau=0.1 candidates=3721 anchors=512 k2=49 p_t_max=0.1416 p_t_ent=3.1940 p_s_max=0.1178 p_s_ent=3.4764
2026-02-05 10:18:56 | STEP 1 100 LOSS 0.288366
2026-02-05 10:18:56 | DBG 1 100 base_rms=0.519499 delta_rms=0.055096 delta/base=0.106056 g_adapter=0.017102 g_proj=0.000000 adapter_scale=1.012337 lr_adapter=5e-05 lr_proj=0.0
2026-02-05 10:18:56 | AFF 1 100 tau=0.1 candidates=3721 anchors=512 k2=49 p_t_max=0.1487 p_t_ent=3.1804 p_s_max=0.1105 p_s_ent=3.4863
2026-02-05 10:19:16 | STEP 1 150 LOSS 0.337460
2026-02-05 10:19:16 | DBG 1 150 base_rms=0.555097 delta_rms=0.059432 delta/base=0.107066 g_adapter=0.056818 g_proj=0.000000 adapter_scale=1.013018 lr_adapter=5e-05 lr_proj=0.0
2026-02-05 10:19:16 | AFF 1 150 tau=0.1 candidates=3721 anchors=512 k2=49 p_t_max=0.1375 p_t_ent=3.2007 p_s_max=0.1149 p_s_ent=3.5105
2026-02-05 10:19:34 | STEP 1 200 LOSS 0.293619
2026-02-05 10:19:34 | DBG 1 200 base_rms=0.443957 delta_rms=0.050804 delta/base=0.114434 g_adapter=0.026828 g_proj=0.000000 adapter_scale=1.013690 lr_adapter=5e-05 lr_proj=0.0
2026-02-05 10:19:34 | AFF 1 200 tau=0.1 candidates=3721 anchors=512 k2=49 p_t_max=0.1269 p_t_ent=3.3070 p_s_max=0.1186 p_s_ent=3.4882
2026-02-05 10:19:54 | STEP 1 250 LOSS 0.297125
2026-02-05 10:19:54 | DBG 1 250 base_rms=0.521758 delta_rms=0.061473 delta/base=0.117818 g_adapter=0.033088 g_proj=0.000000 adapter_scale=1.014252 lr_adapter=5e-05 lr_proj=0.0
2026-02-05 10:19:54 | AFF 1 250 tau=0.1 candidates=3721 anchors=512 k2=49 p_t_max=0.1365 p_t_ent=3.2533 p_s_max=0.1247 p_s_ent=3.4638
2026-02-05 10:20:14 | STEP 1 300 LOSS 0.259851
2026-02-05 10:20:14 | DBG 1 300 base_rms=0.451132 delta_rms=0.058397 delta/base=0.129446 g_adapter=0.016755 g_proj=0.000000 adapter_scale=1.014881 lr_adapter=5e-05 lr_proj=0.0
2026-02-05 10:20:14 | AFF 1 300 tau=0.1 candidates=3721 anchors=512 k2=49 p_t_max=0.1318 p_t_ent=3.2426 p_s_max=0.0969 p_s_ent=3.5331
2026-02-05 10:20:32 | STEP 1 350 LOSS 0.344775
2026-02-05 10:20:32 | DBG 1 350 base_rms=0.470931 delta_rms=0.057818 delta/base=0.122774 g_adapter=0.047998 g_proj=0.000000 adapter_scale=1.015418 lr_adapter=5e-05 lr_proj=0.0
2026-02-05 10:20:32 | AFF 1 350 tau=0.1 candidates=3721 anchors=512 k2=49 p_t_max=0.1454 p_t_ent=3.2100 p_s_max=0.1300 p_s_ent=3.4620
2026-02-05 10:20:52 | STEP 1 400 LOSS 0.261124
2026-02-05 10:20:52 | DBG 1 400 base_rms=0.429833 delta_rms=0.053673 delta/base=0.124869 g_adapter=0.015042 g_proj=0.000000 adapter_scale=1.015975 lr_adapter=5e-05 lr_proj=0.0
2026-02-05 10:20:52 | AFF 1 400 tau=0.1 candidates=3721 anchors=512 k2=49 p_t_max=0.1040 p_t_ent=3.3527 p_s_max=0.0997 p_s_ent=3.5582
2026-02-05 10:21:09 | STEP 1 450 LOSS 0.326974
2026-02-05 10:21:09 | DBG 1 450 base_rms=0.467258 delta_rms=0.061296 delta/base=0.131183 g_adapter=0.030301 g_proj=0.000000 adapter_scale=1.016490 lr_adapter=5e-05 lr_proj=0.0
2026-02-05 10:21:09 | AFF 1 450 tau=0.1 candidates=3721 anchors=512 k2=49 p_t_max=0.1530 p_t_ent=3.1279 p_s_max=0.1176 p_s_ent=3.4983
2026-02-05 10:21:29 | STEP 1 500 LOSS 0.258807
2026-02-05 10:21:29 | DBG 1 500 base_rms=0.453387 delta_rms=0.060800 delta/base=0.134102 g_adapter=0.025416 g_proj=0.000000 adapter_scale=1.016959 lr_adapter=5e-05 lr_proj=0.0
2026-02-05 10:21:29 | AFF 1 500 tau=0.1 candidates=3721 anchors=512 k2=49 p_t_max=0.1093 p_t_ent=3.3533 p_s_max=0.1067 p_s_ent=3.5221
2026-02-05 10:21:47 | STEP 1 550 LOSS 0.318063
2026-02-05 10:21:47 | DBG 1 550 base_rms=0.411236 delta_rms=0.054686 delta/base=0.132979 g_adapter=0.042625 g_proj=0.000000 adapter_scale=1.017379 lr_adapter=5e-05 lr_proj=0.0
2026-02-05 10:21:47 | AFF 1 550 tau=0.1 candidates=3721 anchors=512 k2=49 p_t_max=0.1141 p_t_ent=3.3336 p_s_max=0.1136 p_s_ent=3.5339
2026-02-05 10:22:07 | STEP 1 600 LOSS 0.322747
2026-02-05 10:22:07 | DBG 1 600 base_rms=0.556930 delta_rms=0.069184 delta/base=0.124225 g_adapter=0.019641 g_proj=0.000000 adapter_scale=1.017897 lr_adapter=5e-05 lr_proj=0.0
2026-02-05 10:22:07 | AFF 1 600 tau=0.1 candidates=3721 anchors=512 k2=49 p_t_max=0.1570 p_t_ent=3.1126 p_s_max=0.1193 p_s_ent=3.4535
2026-02-05 10:22:24 | STEP 1 650 LOSS 0.339784
2026-02-05 10:22:24 | DBG 1 650 base_rms=0.514707 delta_rms=0.069115 delta/base=0.134281 g_adapter=0.096866 g_proj=0.000000 adapter_scale=1.018416 lr_adapter=5e-05 lr_proj=0.0
2026-02-05 10:22:24 | AFF 1 650 tau=0.1 candidates=3721 anchors=512 k2=49 p_t_max=0.1447 p_t_ent=3.1349 p_s_max=0.1574 p_s_ent=3.2757
2026-02-05 10:22:44 | STEP 1 700 LOSS 0.280174
2026-02-05 10:22:44 | DBG 1 700 base_rms=0.422887 delta_rms=0.059861 delta/base=0.141552 g_adapter=0.014200 g_proj=0.000000 adapter_scale=1.019020 lr_adapter=5e-05 lr_proj=0.0
2026-02-05 10:22:44 | AFF 1 700 tau=0.1 candidates=3721 anchors=512 k2=49 p_t_max=0.1096 p_t_ent=3.3054 p_s_max=0.0924 p_s_ent=3.5635
2026-02-05 10:23:02 | STEP 1 750 LOSS 0.322301
2026-02-05 10:23:02 | DBG 1 750 base_rms=0.489071 delta_rms=0.068869 delta/base=0.140815 g_adapter=0.035365 g_proj=0.000000 adapter_scale=1.019581 lr_adapter=5e-05 lr_proj=0.0
2026-02-05 10:23:02 | AFF 1 750 tau=0.1 candidates=3721 anchors=512 k2=49 p_t_max=0.1437 p_t_ent=3.1938 p_s_max=0.1216 p_s_ent=3.4694
2026-02-05 10:23:22 | STEP 2 0 LOSS 0.292244
2026-02-05 10:23:22 | DBG 2 0 base_rms=0.454118 delta_rms=0.068513 delta/base=0.150870 g_adapter=0.020006 g_proj=0.000000 adapter_scale=1.020189 lr_adapter=5e-05 lr_proj=0.0
2026-02-05 10:23:22 | AFF 2 0 tau=0.1 candidates=3721 anchors=512 k2=49 p_t_max=0.1310 p_t_ent=3.2334 p_s_max=0.1000 p_s_ent=3.5677
2026-02-05 10:23:43 | STEP 2 50 LOSS 0.317780
2026-02-05 10:23:43 | DBG 2 50 base_rms=0.411519 delta_rms=0.064315 delta/base=0.156286 g_adapter=0.071018 g_proj=0.000000 adapter_scale=1.020724 lr_adapter=5e-05 lr_proj=0.0
2026-02-05 10:23:43 | AFF 2 50 tau=0.1 candidates=3721 anchors=512 k2=49 p_t_max=0.1281 p_t_ent=3.2452 p_s_max=0.1251 p_s_ent=3.4440
2026-02-05 10:24:00 | STEP 2 100 LOSS 0.312912
2026-02-05 10:24:00 | DBG 2 100 base_rms=0.474367 delta_rms=0.071903 delta/base=0.151576 g_adapter=0.027420 g_proj=0.000000 adapter_scale=1.021294 lr_adapter=5e-05 lr_proj=0.0
2026-02-05 10:24:00 | AFF 2 100 tau=0.1 candidates=3721 anchors=512 k2=49 p_t_max=0.1355 p_t_ent=3.2070 p_s_max=0.1301 p_s_ent=3.4226
2026-02-05 10:24:20 | STEP 2 150 LOSS 0.271499
2026-02-05 10:24:20 | DBG 2 150 base_rms=0.513768 delta_rms=0.070751 delta/base=0.137710 g_adapter=0.032774 g_proj=0.000000 adapter_scale=1.021919 lr_adapter=5e-05 lr_proj=0.0
2026-02-05 10:24:20 | AFF 2 150 tau=0.1 candidates=3721 anchors=512 k2=49 p_t_max=0.1264 p_t_ent=3.2323 p_s_max=0.0927 p_s_ent=3.5979
2026-02-05 10:24:36 | STEP 2 200 LOSS 0.266053
2026-02-05 10:24:36 | DBG 2 200 base_rms=0.498407 delta_rms=0.069941 delta/base=0.140330 g_adapter=0.029653 g_proj=0.000000 adapter_scale=1.022539 lr_adapter=5e-05 lr_proj=0.0
2026-02-05 10:24:36 | AFF 2 200 tau=0.1 candidates=3721 anchors=512 k2=49 p_t_max=0.1228 p_t_ent=3.2987 p_s_max=0.0778 p_s_ent=3.6634
2026-02-05 10:24:56 | STEP 2 250 LOSS 0.300297
2026-02-05 10:24:56 | DBG 2 250 base_rms=0.466728 delta_rms=0.071493 delta/base=0.153179 g_adapter=0.042601 g_proj=0.000000 adapter_scale=1.023128 lr_adapter=5e-05 lr_proj=0.0
2026-02-05 10:24:56 | AFF 2 250 tau=0.1 candidates=3721 anchors=512 k2=49 p_t_max=0.1485 p_t_ent=3.1446 p_s_max=0.1173 p_s_ent=3.4777
2026-02-05 10:25:13 | STEP 2 300 LOSS 0.257404
2026-02-05 10:25:13 | DBG 2 300 base_rms=0.417868 delta_rms=0.064469 delta/base=0.154281 g_adapter=0.031345 g_proj=0.000000 adapter_scale=1.023655 lr_adapter=5e-05 lr_proj=0.0
2026-02-05 10:25:13 | AFF 2 300 tau=0.1 candidates=3721 anchors=512 k2=49 p_t_max=0.1296 p_t_ent=3.2210 p_s_max=0.0982 p_s_ent=3.5711
2026-02-05 10:25:33 | STEP 2 350 LOSS 0.306372
2026-02-05 10:25:33 | DBG 2 350 base_rms=0.547160 delta_rms=0.075937 delta/base=0.138783 g_adapter=0.075071 g_proj=0.000000 adapter_scale=1.024208 lr_adapter=5e-05 lr_proj=0.0
2026-02-05 10:25:33 | AFF 2 350 tau=0.1 candidates=3721 anchors=512 k2=49 p_t_max=0.1412 p_t_ent=3.1679 p_s_max=0.1337 p_s_ent=3.3909
2026-02-05 10:25:50 | STEP 2 400 LOSS 0.303733
2026-02-05 10:25:50 | DBG 2 400 base_rms=0.497365 delta_rms=0.074706 delta/base=0.150205 g_adapter=0.018012 g_proj=0.000000 adapter_scale=1.024850 lr_adapter=5e-05 lr_proj=0.0
2026-02-05 10:25:50 | AFF 2 400 tau=0.1 candidates=3721 anchors=512 k2=49 p_t_max=0.1410 p_t_ent=3.1350 p_s_max=0.1252 p_s_ent=3.3970
2026-02-05 10:26:10 | STEP 2 450 LOSS 0.248697
2026-02-05 10:26:10 | DBG 2 450 base_rms=0.528114 delta_rms=0.079133 delta/base=0.149841 g_adapter=0.037437 g_proj=0.000000 adapter_scale=1.025452 lr_adapter=5e-05 lr_proj=0.0
2026-02-05 10:26:10 | AFF 2 450 tau=0.1 candidates=3721 anchors=512 k2=49 p_t_max=0.1313 p_t_ent=3.2050 p_s_max=0.1059 p_s_ent=3.4963
2026-02-05 10:26:27 | STEP 2 500 LOSS 0.288666
2026-02-05 10:26:27 | DBG 2 500 base_rms=0.429807 delta_rms=0.069609 delta/base=0.161955 g_adapter=0.026622 g_proj=0.000000 adapter_scale=1.026073 lr_adapter=5e-05 lr_proj=0.0
2026-02-05 10:26:27 | AFF 2 500 tau=0.1 candidates=3721 anchors=512 k2=49 p_t_max=0.1302 p_t_ent=3.2190 p_s_max=0.0967 p_s_ent=3.5845
2026-02-05 10:26:47 | STEP 2 550 LOSS 0.327902
2026-02-05 10:26:47 | DBG 2 550 base_rms=0.518265 delta_rms=0.076125 delta/base=0.146884 g_adapter=0.052826 g_proj=0.000000 adapter_scale=1.026647 lr_adapter=5e-05 lr_proj=0.0
2026-02-05 10:26:47 | AFF 2 550 tau=0.1 candidates=3721 anchors=512 k2=49 p_t_max=0.1375 p_t_ent=3.2214 p_s_max=0.1356 p_s_ent=3.4284
2026-02-05 10:27:04 | STEP 2 600 LOSS 0.306298
2026-02-05 10:27:04 | DBG 2 600 base_rms=0.493878 delta_rms=0.072674 delta/base=0.147150 g_adapter=0.029136 g_proj=0.000000 adapter_scale=1.027228 lr_adapter=5e-05 lr_proj=0.0
2026-02-05 10:27:04 | AFF 2 600 tau=0.1 candidates=3721 anchors=512 k2=49 p_t_max=0.1269 p_t_ent=3.2436 p_s_max=0.1145 p_s_ent=3.4647
2026-02-05 10:27:23 | STEP 2 650 LOSS 0.242026
2026-02-05 10:27:23 | DBG 2 650 base_rms=0.719434 delta_rms=0.067901 delta/base=0.094381 g_adapter=0.039979 g_proj=0.000000 adapter_scale=1.027865 lr_adapter=5e-05 lr_proj=0.0
2026-02-05 10:27:23 | AFF 2 650 tau=0.1 candidates=3721 anchors=512 k2=49 p_t_max=0.1294 p_t_ent=3.2310 p_s_max=0.1076 p_s_ent=3.4561
2026-02-05 10:27:40 | STEP 2 700 LOSS 0.256200
2026-02-05 10:27:40 | DBG 2 700 base_rms=0.510170 delta_rms=0.084202 delta/base=0.165048 g_adapter=0.015450 g_proj=0.000000 adapter_scale=1.028563 lr_adapter=5e-05 lr_proj=0.0
2026-02-05 10:27:40 | AFF 2 700 tau=0.1 candidates=3721 anchors=512 k2=49 p_t_max=0.1333 p_t_ent=3.2024 p_s_max=0.1138 p_s_ent=3.4360
2026-02-05 10:28:00 | STEP 2 750 LOSS 0.238678
2026-02-05 10:28:00 | DBG 2 750 base_rms=0.436589 delta_rms=0.076122 delta/base=0.174356 g_adapter=0.032040 g_proj=0.000000 adapter_scale=1.029130 lr_adapter=5e-05 lr_proj=0.0
2026-02-05 10:28:00 | AFF 2 750 tau=0.1 candidates=3721 anchors=512 k2=49 p_t_max=0.1260 p_t_ent=3.2510 p_s_max=0.0997 p_s_ent=3.5389
2026-02-05 10:28:16 | Training done. elapsed_sec=899.0
2026-02-05 10:28:16 | Saved checkpoint: /home/kevinlee01/SELO/runs/E1/adapter.pth
2026-02-06 15:59:55 | Args: acdc_root=/mnt/d/ACDC conditions=['fog', 'night', 'rain', 'snow'] resize=1072 crop_size=1072 segformer_model=nvidia/segformer-b5-finetuned-cityscapes-1024-1024 dino_model=facebook/dinov3-vitl16-pretrain-lvd1689m num_classes=19 adapter_hidden_ratio=1.0 adapter_scale=1.0 epochs=5 batch_size=4 workers=4 lr=5e-05 lr_proj=None proj_warmup_steps=100 weight_decay=0.01 max_grad_norm=1.0 amp=True seed=1 grad_accum_steps=4 affinity_k=7 affinity_tau=0.07 lambda_aff=1.0 affinity_anchors=256 affinity_candidates=4096 affinity_kcenter_top_m=1500 affinity_per_image=1 wandb=False wandb_project=SELO wandb_entity= wandb_group= wandb_run_name= output_dir=/home/kevinlee01/SELO/runs/E1 log_every=50 diag_anchor_every=0 diag_anchor_dir= diag_anchor_max=0 diag_anchor_per_call=1
2026-02-06 15:59:58 | Using batch_size=4, grad_accum_steps=4, effective_batch=16
2026-02-06 15:59:58 | [phase] warmup_proj | lr_adapter=0.0 lr_proj=5e-05 | trainable=stage1_proj.weight, stage1_proj.bias
2026-02-06 15:59:58 | [sched] warmup_steps=100 (effective=100) 이후 proj 고정 + adapter 학습
2026-02-06 16:00:02 | Stage1 shape: (4, 64, 268, 268)
2026-02-06 16:00:02 | Alignment: input=1072x1072, stage1=torch.Size([268, 268]) pooled=torch.Size([67, 67]), dino=67x67
2026-02-06 16:00:02 | STEP 0 0 LOSS 1.073151
2026-02-06 16:00:02 | DBG 0 0 base_rms=0.470140 delta_rms=0.000000 delta/base=0.000000 g_adapter=0.000000 g_proj=1.070367 adapter_scale=1.000000 lr_adapter=0.0 lr_proj=5e-05
2026-02-06 16:00:02 | AFF 0 0 tau=0.07 candidates=3721 anchors=256 k2=49 p_t_max=0.1709 p_t_ent=3.0433 p_s_max=0.4317 p_s_ent=2.2342
2026-02-06 16:00:49 | STEP 0 50 LOSS 0.562027
2026-02-06 16:00:49 | DBG 0 50 base_rms=0.499362 delta_rms=0.000000 delta/base=0.000000 g_adapter=0.000000 g_proj=1.901588 adapter_scale=1.000000 lr_adapter=0.0 lr_proj=5e-05
2026-02-06 16:00:49 | AFF 0 50 tau=0.07 candidates=3721 anchors=256 k2=49 p_t_max=0.1569 p_t_ent=3.1239 p_s_max=0.2715 p_s_ent=2.8356
2026-02-06 16:01:38 | [phase] train_adapter | lr_adapter=5e-05 lr_proj=0.0 | trainable=stage1_adapter.scale, stage1_adapter.conv1.weight, stage1_adapter.conv1.bias, stage1_adapter.conv2.weight, stage1_adapter.conv2.bias
2026-02-06 16:01:40 | STEP 0 100 LOSS 0.411051
2026-02-06 16:01:40 | DBG 0 100 base_rms=0.464943 delta_rms=0.000000 delta/base=0.000000 g_adapter=0.066735 g_proj=0.000000 adapter_scale=1.000000 lr_adapter=5e-05 lr_proj=0.0
2026-02-06 16:01:40 | AFF 0 100 tau=0.07 candidates=3721 anchors=256 k2=49 p_t_max=0.1647 p_t_ent=3.0504 p_s_max=0.1959 p_s_ent=3.1025
2026-02-06 16:02:28 | STEP 0 150 LOSS 0.516668
2026-02-06 16:02:28 | DBG 0 150 base_rms=0.510613 delta_rms=0.002864 delta/base=0.005609 g_adapter=0.336068 g_proj=0.000000 adapter_scale=1.000503 lr_adapter=5e-05 lr_proj=0.0
2026-02-06 16:02:28 | AFF 0 150 tau=0.07 candidates=3721 anchors=256 k2=49 p_t_max=0.1607 p_t_ent=3.0707 p_s_max=0.2394 p_s_ent=2.8894
2026-02-06 16:03:15 | STEP 0 200 LOSS 0.506486
2026-02-06 16:03:15 | DBG 0 200 base_rms=0.422143 delta_rms=0.005044 delta/base=0.011949 g_adapter=0.091986 g_proj=0.000000 adapter_scale=1.001230 lr_adapter=5e-05 lr_proj=0.0
2026-02-06 16:03:15 | AFF 0 200 tau=0.07 candidates=3721 anchors=256 k2=49 p_t_max=0.1371 p_t_ent=3.1677 p_s_max=0.1950 p_s_ent=3.1266
2026-02-06 16:04:06 | STEP 0 250 LOSS 0.539885
2026-02-06 16:04:06 | DBG 0 250 base_rms=0.500839 delta_rms=0.009299 delta/base=0.018567 g_adapter=0.323418 g_proj=0.000000 adapter_scale=1.001978 lr_adapter=5e-05 lr_proj=0.0
2026-02-06 16:04:06 | AFF 0 250 tau=0.07 candidates=3721 anchors=256 k2=49 p_t_max=0.1832 p_t_ent=2.9955 p_s_max=0.2741 p_s_ent=2.7527
2026-02-06 16:04:52 | STEP 0 300 LOSS 0.510740
2026-02-06 16:04:52 | DBG 0 300 base_rms=0.438415 delta_rms=0.011449 delta/base=0.026113 g_adapter=0.086192 g_proj=0.000000 adapter_scale=1.002849 lr_adapter=5e-05 lr_proj=0.0
2026-02-06 16:04:52 | AFF 0 300 tau=0.07 candidates=3721 anchors=256 k2=49 p_t_max=0.1633 p_t_ent=3.0937 p_s_max=0.2036 p_s_ent=3.1150
2026-02-06 16:05:42 | STEP 0 350 LOSS 0.395357
2026-02-06 16:05:42 | DBG 0 350 base_rms=0.479907 delta_rms=0.016801 delta/base=0.035009 g_adapter=0.235074 g_proj=0.000000 adapter_scale=1.003696 lr_adapter=5e-05 lr_proj=0.0
2026-02-06 16:05:42 | AFF 0 350 tau=0.07 candidates=3721 anchors=256 k2=49 p_t_max=0.1604 p_t_ent=3.1114 p_s_max=0.1744 p_s_ent=3.2434
2026-02-06 16:06:29 | STEP 1 0 LOSS 0.433275
2026-02-06 16:06:29 | DBG 1 0 base_rms=0.471655 delta_rms=0.019304 delta/base=0.040928 g_adapter=0.051659 g_proj=0.000000 adapter_scale=1.004620 lr_adapter=5e-05 lr_proj=0.0
2026-02-06 16:06:29 | AFF 1 0 tau=0.07 candidates=3721 anchors=256 k2=49 p_t_max=0.1584 p_t_ent=3.0602 p_s_max=0.1807 p_s_ent=3.1844
2026-02-06 16:07:17 | STEP 1 50 LOSS 0.444437
2026-02-06 16:07:17 | DBG 1 50 base_rms=0.510551 delta_rms=0.026057 delta/base=0.051037 g_adapter=0.261501 g_proj=0.000000 adapter_scale=1.005477 lr_adapter=5e-05 lr_proj=0.0
2026-02-06 16:07:17 | AFF 1 50 tau=0.07 candidates=3721 anchors=256 k2=49 p_t_max=0.1905 p_t_ent=2.9572 p_s_max=0.2210 p_s_ent=2.9892
2026-02-06 16:08:07 | STEP 1 100 LOSS 0.375055
2026-02-06 16:08:07 | DBG 1 100 base_rms=0.502613 delta_rms=0.030306 delta/base=0.060296 g_adapter=0.026260 g_proj=0.000000 adapter_scale=1.006450 lr_adapter=5e-05 lr_proj=0.0
2026-02-06 16:08:07 | AFF 1 100 tau=0.07 candidates=3721 anchors=256 k2=49 p_t_max=0.1599 p_t_ent=3.1092 p_s_max=0.1493 p_s_ent=3.3582
2026-02-06 16:08:54 | STEP 1 150 LOSS 0.410366
2026-02-06 16:08:54 | DBG 1 150 base_rms=0.491084 delta_rms=0.034548 delta/base=0.070351 g_adapter=0.198674 g_proj=0.000000 adapter_scale=1.007310 lr_adapter=5e-05 lr_proj=0.0
2026-02-06 16:08:54 | AFF 1 150 tau=0.07 candidates=3721 anchors=256 k2=49 p_t_max=0.1736 p_t_ent=3.0361 p_s_max=0.1914 p_s_ent=3.1537
2026-02-06 16:09:39 | STEP 1 200 LOSS 0.436973
2026-02-06 16:09:39 | DBG 1 200 base_rms=0.451002 delta_rms=0.035833 delta/base=0.079453 g_adapter=0.061829 g_proj=0.000000 adapter_scale=1.008245 lr_adapter=5e-05 lr_proj=0.0
2026-02-06 16:09:39 | AFF 1 200 tau=0.07 candidates=3721 anchors=256 k2=49 p_t_max=0.1615 p_t_ent=3.0655 p_s_max=0.1802 p_s_ent=3.1772
