2026-02-05 19:44:48 | Args: acdc_root=/mnt/d/ACDC conditions=['fog', 'night', 'rain', 'snow'] resize=1072 crop_size=1072 segformer_model=nvidia/segformer-b5-finetuned-cityscapes-1024-1024 dino_model=facebook/dinov3-vitl16-pretrain-lvd1689m num_classes=19 adapter_hidden_ratio=1.0 adapter_scale=1.0 epochs=5 batch_size=4 workers=4 lr=5e-05 lr_proj=None proj_warmup_steps=100 weight_decay=0.01 max_grad_norm=1.0 amp=True seed=1 grad_accum_steps=4 affinity_k=7 affinity_tau=0.1 lambda_aff=1.0 affinity_anchors=512 affinity_candidates=4096 affinity_kcenter_top_m=1500 affinity_per_image=1 wandb=False wandb_project=SELO wandb_entity= wandb_group= wandb_run_name= output_dir=runs/E3 log_every=50 diag_anchor_every=100 diag_anchor_dir= diag_anchor_max=400 diag_anchor_per_call=4
2026-02-05 19:44:48 | [diag] save train anchors every=100 per_call=4 max=400 dir=runs/E3/diag_train_anchors
2026-02-05 19:44:51 | Using batch_size=4, grad_accum_steps=4, effective_batch=16
2026-02-05 19:44:51 | [phase] warmup_proj | lr_adapter=0.0 lr_proj=5e-05 | trainable=stage1_proj.weight, stage1_proj.bias
2026-02-05 19:44:51 | [sched] warmup_steps=100 (effective=100) 이후 proj 고정 + adapter 학습
2026-02-05 19:44:56 | Stage1 shape: (4, 64, 268, 268)
2026-02-05 19:44:56 | Alignment: input=1072x1072, stage1=torch.Size([268, 268]) pooled=torch.Size([67, 67]), dino=67x67
2026-02-05 19:44:56 | STEP 0 0 LOSS 0.678537
2026-02-05 19:44:56 | DBG 0 0 base_rms=0.470140 delta_rms=0.000000 delta/base=0.000000 g_adapter=0.000000 g_proj=0.667907 adapter_scale=1.000000 lr_adapter=0.0 lr_proj=5e-05
2026-02-05 19:44:56 | AFF 0 0 tau=0.1 candidates=3721 anchors=512 k2=49 p_t_max=0.1121 p_t_ent=3.3407 p_s_max=0.2856 p_s_ent=2.7889
2026-02-05 19:46:00 | STEP 0 50 LOSS 0.362949
2026-02-05 19:46:00 | DBG 0 50 base_rms=0.499362 delta_rms=0.000000 delta/base=0.000000 g_adapter=0.000000 g_proj=1.153365 adapter_scale=1.000000 lr_adapter=0.0 lr_proj=5e-05
2026-02-05 19:46:00 | AFF 0 50 tau=0.1 candidates=3721 anchors=512 k2=49 p_t_max=0.0991 p_t_ent=3.4160 p_s_max=0.1660 p_s_ent=3.2504
2026-02-05 19:47:08 | [phase] train_adapter | lr_adapter=5e-05 lr_proj=0.0 | trainable=stage1_adapter.scale, stage1_adapter.conv1.weight, stage1_adapter.conv1.bias, stage1_adapter.conv2.weight, stage1_adapter.conv2.bias
2026-02-05 19:47:11 | STEP 0 100 LOSS 0.286284
2026-02-05 19:47:11 | DBG 0 100 base_rms=0.464943 delta_rms=0.000000 delta/base=0.000000 g_adapter=0.040081 g_proj=0.000000 adapter_scale=1.000000 lr_adapter=5e-05 lr_proj=0.0
2026-02-05 19:47:11 | AFF 0 100 tau=0.1 candidates=3721 anchors=512 k2=49 p_t_max=0.1071 p_t_ent=3.3443 p_s_max=0.1253 p_s_ent=3.4072
2026-02-05 19:48:21 | STEP 0 150 LOSS 0.336132
2026-02-05 19:48:21 | DBG 0 150 base_rms=0.510613 delta_rms=0.002838 delta/base=0.005557 g_adapter=0.205989 g_proj=0.000000 adapter_scale=1.000503 lr_adapter=5e-05 lr_proj=0.0
2026-02-05 19:48:21 | AFF 0 150 tau=0.1 candidates=3721 anchors=512 k2=49 p_t_max=0.1012 p_t_ent=3.3659 p_s_max=0.1505 p_s_ent=3.2537
2026-02-05 19:49:32 | STEP 0 200 LOSS 0.344323
2026-02-05 19:49:32 | DBG 0 200 base_rms=0.422143 delta_rms=0.004968 delta/base=0.011768 g_adapter=0.058251 g_proj=0.000000 adapter_scale=1.001228 lr_adapter=5e-05 lr_proj=0.0
2026-02-05 19:49:32 | AFF 0 200 tau=0.1 candidates=3721 anchors=512 k2=49 p_t_max=0.0915 p_t_ent=3.4232 p_s_max=0.1274 p_s_ent=3.4134
2026-02-05 19:50:38 | STEP 0 250 LOSS 0.362500
2026-02-05 19:50:38 | DBG 0 250 base_rms=0.500839 delta_rms=0.009213 delta/base=0.018395 g_adapter=0.190696 g_proj=0.000000 adapter_scale=1.001976 lr_adapter=5e-05 lr_proj=0.0
2026-02-05 19:50:38 | AFF 0 250 tau=0.1 candidates=3721 anchors=512 k2=49 p_t_max=0.1181 p_t_ent=3.3096 p_s_max=0.1754 p_s_ent=3.1719
2026-02-05 19:51:44 | STEP 0 300 LOSS 0.340094
2026-02-05 19:51:44 | DBG 0 300 base_rms=0.438415 delta_rms=0.011243 delta/base=0.025645 g_adapter=0.055737 g_proj=0.000000 adapter_scale=1.002844 lr_adapter=5e-05 lr_proj=0.0
2026-02-05 19:51:44 | AFF 0 300 tau=0.1 candidates=3721 anchors=512 k2=49 p_t_max=0.1070 p_t_ent=3.3892 p_s_max=0.1343 p_s_ent=3.4101
2026-02-05 19:52:43 | STEP 0 350 LOSS 0.259107
2026-02-05 19:52:43 | DBG 0 350 base_rms=0.479907 delta_rms=0.016483 delta/base=0.034346 g_adapter=0.133023 g_proj=0.000000 adapter_scale=1.003689 lr_adapter=5e-05 lr_proj=0.0
2026-02-05 19:52:43 | AFF 0 350 tau=0.1 candidates=3721 anchors=512 k2=49 p_t_max=0.1038 p_t_ent=3.3998 p_s_max=0.1104 p_s_ent=3.5187
2026-02-05 19:53:47 | STEP 1 0 LOSS 0.290745
2026-02-05 19:53:47 | DBG 1 0 base_rms=0.471655 delta_rms=0.018911 delta/base=0.040095 g_adapter=0.029830 g_proj=0.000000 adapter_scale=1.004605 lr_adapter=5e-05 lr_proj=0.0
2026-02-05 19:53:47 | AFF 1 0 tau=0.1 candidates=3721 anchors=512 k2=49 p_t_max=0.1014 p_t_ent=3.3540 p_s_max=0.1113 p_s_ent=3.4686
2026-02-05 19:54:44 | STEP 1 50 LOSS 0.292739
2026-02-05 19:54:44 | DBG 1 50 base_rms=0.510551 delta_rms=0.025507 delta/base=0.049959 g_adapter=0.142473 g_proj=0.000000 adapter_scale=1.005459 lr_adapter=5e-05 lr_proj=0.0
2026-02-05 19:54:44 | AFF 1 50 tau=0.1 candidates=3721 anchors=512 k2=49 p_t_max=0.1185 p_t_ent=3.3041 p_s_max=0.1340 p_s_ent=3.3660
2026-02-05 19:55:47 | STEP 1 100 LOSS 0.259800
2026-02-05 19:55:47 | DBG 1 100 base_rms=0.502613 delta_rms=0.029514 delta/base=0.058720 g_adapter=0.014891 g_proj=0.000000 adapter_scale=1.006428 lr_adapter=5e-05 lr_proj=0.0
2026-02-05 19:55:47 | AFF 1 100 tau=0.1 candidates=3721 anchors=512 k2=49 p_t_max=0.1035 p_t_ent=3.3859 p_s_max=0.0964 p_s_ent=3.5725
2026-02-05 19:56:46 | STEP 1 150 LOSS 0.276946
2026-02-05 19:56:46 | DBG 1 150 base_rms=0.491084 delta_rms=0.033634 delta/base=0.068490 g_adapter=0.107195 g_proj=0.000000 adapter_scale=1.007279 lr_adapter=5e-05 lr_proj=0.0
2026-02-05 19:56:46 | AFF 1 150 tau=0.1 candidates=3721 anchors=512 k2=49 p_t_max=0.1114 p_t_ent=3.3327 p_s_max=0.1178 p_s_ent=3.4566
2026-02-05 19:57:49 | STEP 1 200 LOSS 0.282695
2026-02-05 19:57:49 | DBG 1 200 base_rms=0.451002 delta_rms=0.034750 delta/base=0.077051 g_adapter=0.033642 g_proj=0.000000 adapter_scale=1.008206 lr_adapter=5e-05 lr_proj=0.0
2026-02-05 19:57:49 | AFF 1 200 tau=0.1 candidates=3721 anchors=512 k2=49 p_t_max=0.1025 p_t_ent=3.3780 p_s_max=0.1118 p_s_ent=3.4810
2026-02-05 19:58:50 | STEP 1 250 LOSS 0.274065
2026-02-05 19:58:50 | DBG 1 250 base_rms=0.467317 delta_rms=0.041337 delta/base=0.088456 g_adapter=0.082295 g_proj=0.000000 adapter_scale=1.009017 lr_adapter=5e-05 lr_proj=0.0
2026-02-05 19:58:50 | AFF 1 250 tau=0.1 candidates=3721 anchors=512 k2=49 p_t_max=0.1017 p_t_ent=3.3925 p_s_max=0.1120 p_s_ent=3.4812
2026-02-05 19:59:49 | STEP 1 300 LOSS 0.275268
2026-02-05 19:59:49 | DBG 1 300 base_rms=0.512314 delta_rms=0.048273 delta/base=0.094226 g_adapter=0.018705 g_proj=0.000000 adapter_scale=1.009817 lr_adapter=5e-05 lr_proj=0.0
2026-02-05 19:59:49 | AFF 1 300 tau=0.1 candidates=3721 anchors=512 k2=49 p_t_max=0.1138 p_t_ent=3.3145 p_s_max=0.1016 p_s_ent=3.5126
2026-02-05 20:00:52 | STEP 1 350 LOSS 0.239142
2026-02-05 20:00:52 | DBG 1 350 base_rms=0.427549 delta_rms=0.043906 delta/base=0.102693 g_adapter=0.074139 g_proj=0.000000 adapter_scale=1.010545 lr_adapter=5e-05 lr_proj=0.0
2026-02-05 20:00:52 | AFF 1 350 tau=0.1 candidates=3721 anchors=512 k2=49 p_t_max=0.0952 p_t_ent=3.4244 p_s_max=0.0931 p_s_ent=3.5624
2026-02-05 20:01:55 | STEP 2 0 LOSS 0.264964
2026-02-05 20:01:55 | DBG 2 0 base_rms=0.465878 delta_rms=0.054279 delta/base=0.116508 g_adapter=0.029108 g_proj=0.000000 adapter_scale=1.011346 lr_adapter=5e-05 lr_proj=0.0
2026-02-05 20:01:55 | AFF 2 0 tau=0.1 candidates=3721 anchors=512 k2=49 p_t_max=0.1137 p_t_ent=3.3206 p_s_max=0.1137 p_s_ent=3.4616
2026-02-05 20:02:56 | STEP 2 50 LOSS 0.276671
2026-02-05 20:02:56 | DBG 2 50 base_rms=0.494668 delta_rms=0.059302 delta/base=0.119883 g_adapter=0.084699 g_proj=0.000000 adapter_scale=1.012039 lr_adapter=5e-05 lr_proj=0.0
2026-02-05 20:02:56 | AFF 2 50 tau=0.1 candidates=3721 anchors=512 k2=49 p_t_max=0.1164 p_t_ent=3.2963 p_s_max=0.1114 p_s_ent=3.4642
2026-02-05 20:03:57 | STEP 2 100 LOSS 0.230610
2026-02-05 20:03:57 | DBG 2 100 base_rms=0.505507 delta_rms=0.064541 delta/base=0.127675 g_adapter=0.015736 g_proj=0.000000 adapter_scale=1.012779 lr_adapter=5e-05 lr_proj=0.0
2026-02-05 20:03:57 | AFF 2 100 tau=0.1 candidates=3721 anchors=512 k2=49 p_t_max=0.1059 p_t_ent=3.3681 p_s_max=0.0763 p_s_ent=3.6386
2026-02-05 20:05:00 | STEP 2 150 LOSS 0.272412
2026-02-05 20:05:00 | DBG 2 150 base_rms=0.445379 delta_rms=0.061474 delta/base=0.138027 g_adapter=0.070455 g_proj=0.000000 adapter_scale=1.013409 lr_adapter=5e-05 lr_proj=0.0
2026-02-05 20:05:00 | AFF 2 150 tau=0.1 candidates=3721 anchors=512 k2=49 p_t_max=0.1046 p_t_ent=3.3579 p_s_max=0.1002 p_s_ent=3.5196
2026-02-05 20:06:03 | STEP 2 200 LOSS 0.281108
2026-02-05 20:06:03 | DBG 2 200 base_rms=0.489367 delta_rms=0.067218 delta/base=0.137357 g_adapter=0.029238 g_proj=0.000000 adapter_scale=1.014041 lr_adapter=5e-05 lr_proj=0.0
2026-02-05 20:06:03 | AFF 2 200 tau=0.1 candidates=3721 anchors=512 k2=49 p_t_max=0.1021 p_t_ent=3.3427 p_s_max=0.1039 p_s_ent=3.4828
2026-02-05 20:07:00 | STEP 2 250 LOSS 0.267801
2026-02-05 20:07:00 | DBG 2 250 base_rms=0.463288 delta_rms=0.065076 delta/base=0.140465 g_adapter=0.044016 g_proj=0.000000 adapter_scale=1.014593 lr_adapter=5e-05 lr_proj=0.0
2026-02-05 20:07:00 | AFF 2 250 tau=0.1 candidates=3721 anchors=512 k2=49 p_t_max=0.1054 p_t_ent=3.3622 p_s_max=0.0897 p_s_ent=3.5903
2026-02-05 20:07:59 | STEP 2 300 LOSS 0.277291
2026-02-05 20:07:59 | DBG 2 300 base_rms=0.497554 delta_rms=0.072170 delta/base=0.145050 g_adapter=0.022060 g_proj=0.000000 adapter_scale=1.015163 lr_adapter=5e-05 lr_proj=0.0
2026-02-05 20:07:59 | AFF 2 300 tau=0.1 candidates=3721 anchors=512 k2=49 p_t_max=0.1072 p_t_ent=3.3547 p_s_max=0.0961 p_s_ent=3.5316
2026-02-05 20:08:59 | STEP 2 350 LOSS 0.235271
2026-02-05 20:08:59 | DBG 2 350 base_rms=0.506104 delta_rms=0.076275 delta/base=0.150711 g_adapter=0.025293 g_proj=0.000000 adapter_scale=1.015706 lr_adapter=5e-05 lr_proj=0.0
2026-02-05 20:08:59 | AFF 2 350 tau=0.1 candidates=3721 anchors=512 k2=49 p_t_max=0.1037 p_t_ent=3.3644 p_s_max=0.0887 p_s_ent=3.5567
2026-02-05 20:10:00 | STEP 3 0 LOSS 0.304543
2026-02-05 20:10:00 | DBG 3 0 base_rms=0.457869 delta_rms=0.071577 delta/base=0.156327 g_adapter=0.038999 g_proj=0.000000 adapter_scale=1.016226 lr_adapter=5e-05 lr_proj=0.0
2026-02-05 20:10:00 | AFF 3 0 tau=0.1 candidates=3721 anchors=512 k2=49 p_t_max=0.1023 p_t_ent=3.3969 p_s_max=0.1027 p_s_ent=3.5189
2026-02-05 20:11:02 | STEP 3 50 LOSS 0.219892
2026-02-05 20:11:02 | DBG 3 50 base_rms=0.492965 delta_rms=0.077661 delta/base=0.157539 g_adapter=0.024859 g_proj=0.000000 adapter_scale=1.016683 lr_adapter=5e-05 lr_proj=0.0
2026-02-05 20:11:02 | AFF 3 50 tau=0.1 candidates=3721 anchors=512 k2=49 p_t_max=0.1005 p_t_ent=3.3859 p_s_max=0.0745 p_s_ent=3.6202
2026-02-05 20:12:05 | STEP 3 100 LOSS 0.223134
2026-02-05 20:12:05 | DBG 3 100 base_rms=0.430794 delta_rms=0.072804 delta/base=0.169000 g_adapter=0.020059 g_proj=0.000000 adapter_scale=1.017204 lr_adapter=5e-05 lr_proj=0.0
2026-02-05 20:12:05 | AFF 3 100 tau=0.1 candidates=3721 anchors=512 k2=49 p_t_max=0.0986 p_t_ent=3.4086 p_s_max=0.0714 p_s_ent=3.6796
2026-02-05 20:13:09 | STEP 3 150 LOSS 0.286139
2026-02-05 20:13:09 | DBG 3 150 base_rms=0.451446 delta_rms=0.072754 delta/base=0.161158 g_adapter=0.044331 g_proj=0.000000 adapter_scale=1.017703 lr_adapter=5e-05 lr_proj=0.0
2026-02-05 20:13:09 | AFF 3 150 tau=0.1 candidates=3721 anchors=512 k2=49 p_t_max=0.1064 p_t_ent=3.3284 p_s_max=0.0879 p_s_ent=3.5855
2026-02-05 20:14:11 | STEP 3 200 LOSS 0.240539
2026-02-05 20:14:11 | DBG 3 200 base_rms=0.503929 delta_rms=0.077174 delta/base=0.153145 g_adapter=0.010170 g_proj=0.000000 adapter_scale=1.018234 lr_adapter=5e-05 lr_proj=0.0
2026-02-05 20:14:11 | AFF 3 200 tau=0.1 candidates=3721 anchors=512 k2=49 p_t_max=0.0982 p_t_ent=3.3979 p_s_max=0.0821 p_s_ent=3.6186
2026-02-05 20:15:14 | STEP 3 250 LOSS 0.283694
2026-02-05 20:15:14 | DBG 3 250 base_rms=0.459717 delta_rms=0.072887 delta/base=0.158547 g_adapter=0.052306 g_proj=0.000000 adapter_scale=1.018681 lr_adapter=5e-05 lr_proj=0.0
2026-02-05 20:15:14 | AFF 3 250 tau=0.1 candidates=3721 anchors=512 k2=49 p_t_max=0.1031 p_t_ent=3.3830 p_s_max=0.0908 p_s_ent=3.5915
2026-02-05 20:16:17 | STEP 3 300 LOSS 0.209806
2026-02-05 20:16:17 | DBG 3 300 base_rms=0.430121 delta_rms=0.076679 delta/base=0.178273 g_adapter=0.011768 g_proj=0.000000 adapter_scale=1.019220 lr_adapter=5e-05 lr_proj=0.0
2026-02-05 20:16:17 | AFF 3 300 tau=0.1 candidates=3721 anchors=512 k2=49 p_t_max=0.0963 p_t_ent=3.3989 p_s_max=0.0797 p_s_ent=3.6107
2026-02-05 20:17:20 | STEP 3 350 LOSS 0.244408
2026-02-05 20:17:20 | DBG 3 350 base_rms=0.500302 delta_rms=0.082370 delta/base=0.164640 g_adapter=0.034255 g_proj=0.000000 adapter_scale=1.019706 lr_adapter=5e-05 lr_proj=0.0
2026-02-05 20:17:20 | AFF 3 350 tau=0.1 candidates=3721 anchors=512 k2=49 p_t_max=0.1095 p_t_ent=3.3274 p_s_max=0.0865 p_s_ent=3.5621
2026-02-05 20:18:20 | STEP 4 0 LOSS 0.219240
2026-02-05 20:18:20 | DBG 4 0 base_rms=0.398804 delta_rms=0.072099 delta/base=0.180789 g_adapter=0.011452 g_proj=0.000000 adapter_scale=1.020236 lr_adapter=5e-05 lr_proj=0.0
2026-02-05 20:18:20 | AFF 4 0 tau=0.1 candidates=3721 anchors=512 k2=49 p_t_max=0.0908 p_t_ent=3.4520 p_s_max=0.0675 p_s_ent=3.6946
2026-02-05 20:19:22 | STEP 4 50 LOSS 0.268090
2026-02-05 20:19:22 | DBG 4 50 base_rms=0.495006 delta_rms=0.083426 delta/base=0.168535 g_adapter=0.025805 g_proj=0.000000 adapter_scale=1.020705 lr_adapter=5e-05 lr_proj=0.0
2026-02-05 20:19:22 | AFF 4 50 tau=0.1 candidates=3721 anchors=512 k2=49 p_t_max=0.1125 p_t_ent=3.3150 p_s_max=0.0932 p_s_ent=3.5691
2026-02-05 20:20:25 | STEP 4 100 LOSS 0.251328
2026-02-05 20:20:25 | DBG 4 100 base_rms=0.515998 delta_rms=0.087000 delta/base=0.168604 g_adapter=0.011178 g_proj=0.000000 adapter_scale=1.021184 lr_adapter=5e-05 lr_proj=0.0
2026-02-05 20:20:25 | AFF 4 100 tau=0.1 candidates=3721 anchors=512 k2=49 p_t_max=0.1170 p_t_ent=3.3045 p_s_max=0.0919 p_s_ent=3.5521
2026-02-05 20:21:27 | STEP 4 150 LOSS 0.153490
2026-02-05 20:21:27 | DBG 4 150 base_rms=0.387380 delta_rms=0.074992 delta/base=0.193587 g_adapter=0.026620 g_proj=0.000000 adapter_scale=1.021630 lr_adapter=5e-05 lr_proj=0.0
2026-02-05 20:21:27 | AFF 4 150 tau=0.1 candidates=3721 anchors=512 k2=49 p_t_max=0.0788 p_t_ent=3.5079 p_s_max=0.0672 p_s_ent=3.6696
2026-02-05 20:22:28 | STEP 4 200 LOSS 0.278486
2026-02-05 20:22:28 | DBG 4 200 base_rms=0.505540 delta_rms=0.083526 delta/base=0.165222 g_adapter=0.031947 g_proj=0.000000 adapter_scale=1.022154 lr_adapter=5e-05 lr_proj=0.0
2026-02-05 20:22:28 | AFF 4 200 tau=0.1 candidates=3721 anchors=512 k2=49 p_t_max=0.1075 p_t_ent=3.3503 p_s_max=0.0987 p_s_ent=3.5066
2026-02-05 20:23:30 | STEP 4 250 LOSS 0.270483
2026-02-05 20:23:30 | DBG 4 250 base_rms=0.465216 delta_rms=0.081032 delta/base=0.174181 g_adapter=0.025358 g_proj=0.000000 adapter_scale=1.022683 lr_adapter=5e-05 lr_proj=0.0
2026-02-05 20:23:30 | AFF 4 250 tau=0.1 candidates=3721 anchors=512 k2=49 p_t_max=0.1088 p_t_ent=3.3447 p_s_max=0.0932 p_s_ent=3.5728
2026-02-05 20:24:34 | STEP 4 300 LOSS 0.199587
2026-02-05 20:24:34 | DBG 4 300 base_rms=0.448433 delta_rms=0.081320 delta/base=0.181343 g_adapter=0.010029 g_proj=0.000000 adapter_scale=1.023243 lr_adapter=5e-05 lr_proj=0.0
2026-02-05 20:24:34 | AFF 4 300 tau=0.1 candidates=3721 anchors=512 k2=49 p_t_max=0.0960 p_t_ent=3.4141 p_s_max=0.0791 p_s_ent=3.6266
2026-02-05 20:25:33 | STEP 4 350 LOSS 0.240031
2026-02-05 20:25:33 | DBG 4 350 base_rms=0.510760 delta_rms=0.088045 delta/base=0.172381 g_adapter=0.029125 g_proj=0.000000 adapter_scale=1.023767 lr_adapter=5e-05 lr_proj=0.0
2026-02-05 20:25:33 | AFF 4 350 tau=0.1 candidates=3721 anchors=512 k2=49 p_t_max=0.1132 p_t_ent=3.3375 p_s_max=0.0914 p_s_ent=3.5663
2026-02-05 20:26:35 | Training done. elapsed_sec=2503.8
2026-02-05 20:26:35 | Saved checkpoint: runs/E3/adapter.pth
